#
# A fatal error has been detected by the Java Runtime Environment:
#
#  EXCEPTION_ACCESS_VIOLATION (0xc0000005) at pc=0x000000005f507c33, pid=9160, tid=4396
#
# JRE version: Java(TM) SE Runtime Environment (8.0_66-b18) (build 1.8.0_66-b18)
# Java VM: Java HotSpot(TM) 64-Bit Server VM (25.66-b18 mixed mode windows-amd64 compressed oops)
# Problematic frame:
# C  [atio6axx.dll+0x16d7c33]
#
# Failed to write core dump. Minidumps are not enabled by default on client versions of Windows
#
# If you would like to submit a bug report, please visit:
#   http://bugreport.java.com/bugreport/crash.jsp
# The crash happened outside the Java Virtual Machine in native code.
# See problematic frame for where to report the bug.
#

---------------  T H R E A D  ---------------

Current thread (0x0000000059db9800):  JavaThread "main-FPSAWTAnimator#00-Timer0" [_thread_in_native, id=4396, stack(0x000000005ce70000,0x000000005cf70000)]

siginfo: ExceptionCode=0xc0000005, reading address 0x000000005c5be00c

Registers:
RAX=0x0000000000000002, RBX=0x000000005bda3000, RCX=0x00000000001035ff, RDX=0x0000000000000002
RSP=0x000000005cf6d6c0, RBP=0x0000000000000000, RSI=0x000000005c5bdff8, RDI=0x0000000000000000
R8 =0x0000000000000001, R9 =0x0000000000000000, R10=0x0000001000000000, R11=0x0000000000000201
R12=0x0000000000000002, R13=0x0000000000056755, R14=0x0000000060818b10, R15=0x000000005fcbd450
RIP=0x000000005f507c33, EFLAGS=0x0000000000010246

Top of Stack: (sp=0x000000005cf6d6c0)
0x000000005cf6d6c0:   0000000000000000 0000000000000503
0x000000005cf6d6d0:   fffffffffffffffe 000000005f775570
0x000000005cf6d6e0:   000000005fc4cd80 000007fe00000001
0x000000005cf6d6f0:   0000000000032000 0000000060818b10
0x000000005cf6d700:   00000000601c12d0 000000005fc46810
0x000000005cf6d710:   00000000ff000000 000000005cf6d870
0x000000005cf6d720:   000000005cf6d8c0 000000006060c130
0x000000005cf6d730:   000000005bda3000 000000005eeb4799
0x000000005cf6d740:   0000000000000000 000000005bda3000
0x000000005cf6d750:   0000000000000001 0000000000000000
0x000000005cf6d760:   0000000000000000 000000005fc46720
0x000000005cf6d770:   000000006060c130 0000000000000003
0x000000005cf6d780:   0000000000000000 000000005eebacf4
0x000000005cf6d790:   0000000060538770 0000000060818cd8
0x000000005cf6d7a0:   0000000000000000 00000000000019c0
0x000000005cf6d7b0:   0000000060538770 000000005eebb7dd 

Instructions: (pc=0x000000005f507c33)
0x000000005f507c13:   00 45 09 46 10 48 8b 9c 24 88 00 00 00 85 ed 44
0x000000005f507c23:   0f 45 e2 e9 51 01 00 00 44 8b e2 e9 49 01 00 00
0x000000005f507c33:   48 8b 7e 14 48 85 ff 0f 84 ec 00 00 00 49 8b 87
0x000000005f507c43:   20 01 00 00 48 85 c0 74 12 0f 1f 40 00 48 3b c7 


Register to memory mapping:

RAX=0x0000000000000002 is an unknown value
RBX=0x000000005bda3000 is an unknown value
RCX=0x00000000001035ff is an unknown value
RDX=0x0000000000000002 is an unknown value
RSP=0x000000005cf6d6c0 is pointing into the stack for thread: 0x0000000059db9800
RBP=0x0000000000000000 is an unknown value
RSI=0x000000005c5bdff8 is an unknown value
RDI=0x0000000000000000 is an unknown value
R8 =0x0000000000000001 is an unknown value
R9 =0x0000000000000000 is an unknown value
R10=0x0000001000000000 is an unknown value
R11=0x0000000000000201 is an unknown value
R12=0x0000000000000002 is an unknown value
R13=0x0000000000056755 is an unknown value
R14=0x0000000060818b10 is an unknown value
R15=0x000000005fcbd450 is an unknown value


Stack: [0x000000005ce70000,0x000000005cf70000],  sp=0x000000005cf6d6c0,  free space=1013k
Native frames: (J=compiled Java code, j=interpreted, Vv=VM code, C=native code)

Java frames: (J=compiled Java code, j=interpreted, Vv=VM code)
j  jogamp.opengl.gl4.GL4bcImpl.dispatch_glViewport1(IIIIJ)V+0
j  jogamp.opengl.gl4.GL4bcImpl.glViewport(IIII)V+46
j  jogamp.opengl.GLDrawableHelper.setViewportAndClear(Lcom/jogamp/opengl/GLAutoDrawable;IIII)V+72
j  jogamp.opengl.GLDrawableHelper.reshape(Lcom/jogamp/opengl/GLAutoDrawable;IIII)V+8
j  jogamp.opengl.GLAutoDrawableBase$2.run()V+37
j  jogamp.opengl.GLDrawableHelper.invokeGLImpl(Lcom/jogamp/opengl/GLDrawable;Lcom/jogamp/opengl/GLContext;Ljava/lang/Runnable;Ljava/lang/Runnable;)V+203
j  jogamp.opengl.GLDrawableHelper.invokeGL(Lcom/jogamp/opengl/GLDrawable;Lcom/jogamp/opengl/GLContext;Ljava/lang/Runnable;Ljava/lang/Runnable;)V+72
j  com.jogamp.newt.opengl.GLWindow.display()V+90
j  com.jogamp.opengl.util.AWTAnimatorImpl.display(Ljava/util/ArrayList;ZZ)V+68
j  com.jogamp.opengl.util.AnimatorBase.display()V+16
j  com.jogamp.opengl.util.FPSAnimator$MainTask.run()V+216
j  java.util.TimerThread.mainLoop()V+221
j  java.util.TimerThread.run()V+1
v  ~StubRoutines::call_stub

---------------  P R O C E S S  ---------------

Java Threads: ( => current thread )
  0x000000000215e800 JavaThread "DestroyJavaVM" [_thread_blocked, id=1216, stack(0x0000000002380000,0x0000000002480000)]
=>0x0000000059db9800 JavaThread "main-FPSAWTAnimator#00-Timer0" [_thread_in_native, id=4396, stack(0x000000005ce70000,0x000000005cf70000)]
  0x0000000059db7000 JavaThread "main-Display-.windows_nil-1-EDT-1" daemon [_thread_in_native, id=8600, stack(0x000000005d690000,0x000000005d790000)]
  0x0000000059cd8800 JavaThread "main-SharedResourceRunner" daemon [_thread_blocked, id=6244, stack(0x000000005dbe0000,0x000000005dce0000)]
  0x0000000059b2b800 JavaThread "AWT-Windows" daemon [_thread_in_native, id=8348, stack(0x000000005a670000,0x000000005a770000)]
  0x0000000059b2a000 JavaThread "Java2D Disposer" daemon [_thread_blocked, id=7424, stack(0x000000005a380000,0x000000005a480000)]
  0x0000000058c08800 JavaThread "Service Thread" daemon [_thread_blocked, id=5084, stack(0x0000000059650000,0x0000000059750000)]
  0x00000000576cf000 JavaThread "C1 CompilerThread2" daemon [_thread_blocked, id=8872, stack(0x0000000059500000,0x0000000059600000)]
  0x0000000058b8c000 JavaThread "C2 CompilerThread1" daemon [_thread_blocked, id=3480, stack(0x0000000059320000,0x0000000059420000)]
  0x0000000058b84800 JavaThread "C2 CompilerThread0" daemon [_thread_blocked, id=8896, stack(0x00000000591c0000,0x00000000592c0000)]
  0x0000000058b81800 JavaThread "Attach Listener" daemon [_thread_blocked, id=2888, stack(0x0000000058f80000,0x0000000059080000)]
  0x00000000576c3800 JavaThread "Signal Dispatcher" daemon [_thread_blocked, id=9040, stack(0x00000000587e0000,0x00000000588e0000)]
  0x0000000057667000 JavaThread "Finalizer" daemon [_thread_blocked, id=7584, stack(0x0000000058a80000,0x0000000058b80000)]
  0x0000000057660000 JavaThread "Reference Handler" daemon [_thread_blocked, id=8568, stack(0x0000000058920000,0x0000000058a20000)]

Other Threads:
  0x000000005765a000 VMThread [stack: 0x00000000586c0000,0x00000000587c0000] [id=3260]
  0x0000000058c27000 WatcherThread [stack: 0x00000000585c0000,0x00000000586c0000] [id=8256]

VM state:not at safepoint (normal execution)

VM Mutex/Monitor currently owned by a thread: None

Heap:
 PSYoungGen      total 38400K, used 8825K [0x00000000d5980000, 0x00000000d8400000, 0x0000000100000000)
  eden space 33280K, 11% used [0x00000000d5980000,0x00000000d5d20238,0x00000000d7a00000)
  from space 5120K, 99% used [0x00000000d7a00000,0x00000000d7efe3d8,0x00000000d7f00000)
  to   space 5120K, 0% used [0x00000000d7f00000,0x00000000d7f00000,0x00000000d8400000)
 ParOldGen       total 87552K, used 99K [0x0000000080c00000, 0x0000000086180000, 0x00000000d5980000)
  object space 87552K, 0% used [0x0000000080c00000,0x0000000080c18f58,0x0000000086180000)
 Metaspace       used 13322K, capacity 13506K, committed 13696K, reserved 1060864K
  class space    used 1278K, capacity 1342K, committed 1408K, reserved 1048576K

Card table byte_map: [0x0000000011b10000,0x0000000011f10000] byte_map_base: 0x000000001170a000

Marking Bits: (ParMarkBitMap*) 0x000000006c95a5b0
 Begin Bits: [0x0000000012930000, 0x0000000014900000)
 End Bits:   [0x0000000014900000, 0x00000000168d0000)

Polling page: 0x0000000000330000

CodeCache: size=245760Kb used=3239Kb max_used=3239Kb free=242520Kb
 bounds [0x0000000002750000, 0x0000000002a80000, 0x0000000011750000]
 total_blobs=1598 nmethods=837 adapters=674
 compilation: enabled

Compilation events (10 events):
Event: 6.466 Thread 0x00000000576cf000  832       3       java.util.HashSet::remove (20 bytes)
Event: 6.466 Thread 0x00000000576cf000 nmethod 832 0x0000000002a77f90 code [0x0000000002a78100, 0x0000000002a78388]
Event: 6.496 Thread 0x00000000576cf000  833       3       java.util.TaskQueue::getMin (7 bytes)
Event: 6.496 Thread 0x00000000576cf000 nmethod 833 0x0000000002a78450 code [0x0000000002a785a0, 0x0000000002a78710]
Event: 6.499 Thread 0x00000000576cf000  834       3       jogamp.opengl.gl4.GL4bcImpl::glClear (43 bytes)
Event: 6.500 Thread 0x00000000576cf000 nmethod 834 0x0000000002a78b50 code [0x0000000002a78da0, 0x0000000002a79aa8]
Event: 6.500 Thread 0x00000000576cf000  836       3       jogamp.opengl.gl4.GL4bcImpl::getGL2 (20 bytes)
Event: 6.500 Thread 0x00000000576cf000 nmethod 836 0x0000000002a7a350 code [0x0000000002a7a4e0, 0x0000000002a7a9e8]
Event: 6.500 Thread 0x00000000576cf000  837       3       jogamp.opengl.gl4.GL4bcImpl::isGL2 (8 bytes)
Event: 6.500 Thread 0x00000000576cf000 nmethod 837 0x0000000002a7ab50 code [0x0000000002a7acc0, 0x0000000002a7b030]

GC Heap History (2 events):
Event: 1.661 GC heap before
{Heap before GC invocations=1 (full 0):
 PSYoungGen      total 38400K, used 33280K [0x00000000d5980000, 0x00000000d8400000, 0x0000000100000000)
  eden space 33280K, 100% used [0x00000000d5980000,0x00000000d7a00000,0x00000000d7a00000)
  from space 5120K, 0% used [0x00000000d7f00000,0x00000000d7f00000,0x00000000d8400000)
  to   space 5120K, 0% used [0x00000000d7a00000,0x00000000d7a00000,0x00000000d7f00000)
 ParOldGen       total 87552K, used 0K [0x0000000080c00000, 0x0000000086180000, 0x00000000d5980000)
  object space 87552K, 0% used [0x0000000080c00000,0x0000000080c00000,0x0000000086180000)
 Metaspace       used 12554K, capacity 12738K, committed 12800K, reserved 1060864K
  class space    used 1206K, capacity 1278K, committed 1280K, reserved 1048576K
Event: 1.668 GC heap after
Heap after GC invocations=1 (full 0):
 PSYoungGen      total 38400K, used 5112K [0x00000000d5980000, 0x00000000d8400000, 0x0000000100000000)
  eden space 33280K, 0% used [0x00000000d5980000,0x00000000d5980000,0x00000000d7a00000)
  from space 5120K, 99% used [0x00000000d7a00000,0x00000000d7efe3d8,0x00000000d7f00000)
  to   space 5120K, 0% used [0x00000000d7f00000,0x00000000d7f00000,0x00000000d8400000)
 ParOldGen       total 87552K, used 99K [0x0000000080c00000, 0x0000000086180000, 0x00000000d5980000)
  object space 87552K, 0% used [0x0000000080c00000,0x0000000080c18f58,0x0000000086180000)
 Metaspace       used 12554K, capacity 12738K, committed 12800K, reserved 1060864K
  class space    used 1206K, capacity 1278K, committed 1280K, reserved 1048576K
}

Deoptimization events (3 events):
Event: 0.990 Thread 0x000000000215e800 Uncommon trap: reason=unstable_if action=reinterpret pc=0x0000000002898d18 method=java.lang.String.startsWith(Ljava/lang/String;I)Z @ 25
Event: 1.578 Thread 0x000000000215e800 Uncommon trap: reason=unstable_if action=reinterpret pc=0x0000000002a001bc method=java.util.HashMap.containsKey(Ljava/lang/Object;)Z @ 9
Event: 1.685 Thread 0x000000000215e800 Uncommon trap: reason=unstable_if action=reinterpret pc=0x0000000002a06770 method=java.lang.reflect.AccessibleObject.setAccessible0(Ljava/lang/reflect/AccessibleObject;Z)V @ 4

Internal exceptions (10 events):
Event: 0.026 Thread 0x000000000215e800 Exception <a 'java/lang/NoSuchMethodError': Method sun.misc.Unsafe.defineClass(Ljava/lang/String;[BII)Ljava/lang/Class; name or signature does not match> (0x00000000d598da00) thrown at [C:\re\workspace\8-2-build-windows-amd64-cygwin\jdk8u66\5298\hotspot\sr:`…qıö?
Event: 0.026 Thread 0x000000000215e800 Exception <a 'java/lang/NoSuchMethodError': Method sun.misc.Unsafe.prefetchRead(Ljava/lang/Object;J)V name or signature does not match> (0x00000000d598dce8) thrown at [C:\re\workspace\8-2-build-windows-amd64-cygwin\jdk8u66\5298\hotspot\src\share\vm\prims\j≈èèÈçWæ?
Event: 0.119 Thread 0x000000000215e800 Exception <a 'java/security/PrivilegedActionException'> (0x00000000d5ca0ae0) thrown at [C:\re\workspace\8-2-build-windows-amd64-cygwin\jdk8u66\5298\hotspot\src\share\vm\prims\jvm.cpp, line 1386]
Event: 0.119 Thread 0x000000000215e800 Exception <a 'java/security/PrivilegedActionException'> (0x00000000d5ca0cf0) thrown at [C:\re\workspace\8-2-build-windows-amd64-cygwin\jdk8u66\5298\hotspot\src\share\vm\prims\jvm.cpp, line 1386]
Event: 0.119 Thread 0x000000000215e800 Exception <a 'java/security/PrivilegedActionException'> (0x00000000d5ca4b38) thrown at [C:\re\workspace\8-2-build-windows-amd64-cygwin\jdk8u66\5298\hotspot\src\share\vm\prims\jvm.cpp, line 1386]
Event: 0.119 Thread 0x000000000215e800 Exception <a 'java/security/PrivilegedActionException'> (0x00000000d5ca4d48) thrown at [C:\re\workspace\8-2-build-windows-amd64-cygwin\jdk8u66\5298\hotspot\src\share\vm\prims\jvm.cpp, line 1386]
Event: 0.588 Thread 0x000000000215e800 Exception <a 'java/lang/NoSuchFieldError': method resolution failed> (0x00000000d5fcbe78) thrown at [C:\re\workspace\8-2-build-windows-amd64-cygwin\jdk8u66\5298\hotspot\src\share\vm\prims\methodHandles.cpp, line 1146]
Event: 0.589 Thread 0x000000000215e800 Exception <a 'java/lang/NoSuchFieldError': method resolution failed> (0x00000000d5fd95e8) thrown at [C:\re\workspace\8-2-build-windows-amd64-cygwin\jdk8u66\5298\hotspot\src\share\vm\prims\methodHandles.cpp, line 1146]
Event: 0.650 Thread 0x000000000215e800 Exception <a 'java/io/FileNotFoundException'> (0x00000000d61889b8) thrown at [C:\re\workspace\8-2-build-windows-amd64-cygwin\jdk8u66\5298\hotspot\src\share\vm\prims\jni.cpp, line 709]
Event: 0.685 Thread 0x000000000215e800 Exception <a 'java/io/FileNotFoundException'> (0x00000000d61c9b10) thrown at [C:\re\workspace\8-2-build-windows-amd64-cygwin\jdk8u66\5298\hotspot\src\share\vm\prims\jni.cpp, line 709]

Events (10 events):
Event: 2.233 loading class java/nio/DirectFloatBufferU
Event: 2.233 loading class java/nio/DirectFloatBufferU done
Event: 2.235 Thread 0x000000000215e800 Thread exited: 0x000000000215e800
Event: 2.236 Thread 0x000000000215e800 Thread added: 0x000000000215e800
Event: 2.259 loading class graphics
Event: 2.259 loading class graphics done
Event: 4.162 Executing VM operation: EnableBiasedLocking
Event: 4.162 Executing VM operation: EnableBiasedLocking done
Event: 4.198 loading class jogamp/newt/event/NEWTEventTask
Event: 4.198 loading class jogamp/newt/event/NEWTEventTask done


Dynamic libraries:
0x000000013f920000 - 0x000000013f957000 	C:\Program Files\Java\jdk1.8.0_66\bin\javaw.exe
0x00000000771b0000 - 0x000000007735a000 	C:\windows\SYSTEM32\ntdll.dll
0x0000000076f90000 - 0x00000000770af000 	C:\windows\system32\kernel32.dll
0x000007fefd140000 - 0x000007fefd1aa000 	C:\windows\system32\KERNELBASE.dll
0x000007fefef60000 - 0x000007feff03b000 	C:\windows\system32\ADVAPI32.dll
0x000007feff180000 - 0x000007feff21f000 	C:\windows\system32\msvcrt.dll
0x000007feff400000 - 0x000007feff41f000 	C:\windows\SYSTEM32\sechost.dll
0x000007fefeb60000 - 0x000007fefec8d000 	C:\windows\system32\RPCRT4.dll
0x00000000770b0000 - 0x00000000771aa000 	C:\windows\system32\USER32.dll
0x000007fefd650000 - 0x000007fefd6b7000 	C:\windows\system32\GDI32.dll
0x000007fefd360000 - 0x000007fefd36e000 	C:\windows\system32\LPK.dll
0x000007fefee90000 - 0x000007fefef5b000 	C:\windows\system32\USP10.dll
0x000007fefb460000 - 0x000007fefb654000 	C:\windows\WinSxS\amd64_microsoft.windows.common-controls_6595b64144ccf1df_6.0.7601.18837_none_fa3b1e3d17594757\COMCTL32.dll
0x000007fefd370000 - 0x000007fefd3e1000 	C:\windows\system32\SHLWAPI.dll
0x000007fefd3f0000 - 0x000007fefd41e000 	C:\windows\system32\IMM32.DLL
0x000007fefea50000 - 0x000007fefeb59000 	C:\windows\system32\MSCTF.dll
0x0000000063270000 - 0x0000000063342000 	C:\Program Files\Java\jdk1.8.0_66\jre\bin\msvcr100.dll
0x000000006c150000 - 0x000000006c9d9000 	C:\Program Files\Java\jdk1.8.0_66\jre\bin\server\jvm.dll
0x000007fefc0b0000 - 0x000007fefc0b9000 	C:\windows\system32\WSOCK32.dll
0x000007feff0c0000 - 0x000007feff10d000 	C:\windows\system32\WS2_32.dll
0x000007feff170000 - 0x000007feff178000 	C:\windows\system32\NSI.dll
0x000007fefac50000 - 0x000007fefac8b000 	C:\windows\system32\WINMM.dll
0x000007fefc0a0000 - 0x000007fefc0ac000 	C:\windows\system32\VERSION.dll
0x0000000077370000 - 0x0000000077377000 	C:\windows\system32\PSAPI.DLL
0x00000000746e0000 - 0x00000000746ef000 	C:\Program Files\Java\jdk1.8.0_66\jre\bin\verify.dll
0x000000006c040000 - 0x000000006c069000 	C:\Program Files\Java\jdk1.8.0_66\jre\bin\java.dll
0x000000006cc10000 - 0x000000006cc26000 	C:\Program Files\Java\jdk1.8.0_66\jre\bin\zip.dll
0x000007fefd6c0000 - 0x000007fefe44a000 	C:\windows\system32\SHELL32.dll
0x000007fefec90000 - 0x000007fefee8c000 	C:\windows\system32\ole32.dll
0x000007fefceb0000 - 0x000007fefcebf000 	C:\windows\system32\profapi.dll
0x000007fefc6d0000 - 0x000007fefc6e8000 	C:\windows\system32\CRYPTSP.dll
0x000007fefc3d0000 - 0x000007fefc417000 	C:\windows\system32\rsaenh.dll
0x000007fefd1b0000 - 0x000007fefd1ce000 	C:\windows\system32\USERENV.dll
0x000007fefcd40000 - 0x000007fefcd4f000 	C:\windows\system32\CRYPTBASE.dll
0x000000006c020000 - 0x000000006c03a000 	C:\Program Files\Java\jdk1.8.0_66\jre\bin\net.dll
0x000007fefc670000 - 0x000007fefc6c5000 	C:\windows\system32\mswsock.dll
0x000007fefc660000 - 0x000007fefc667000 	C:\windows\System32\wship6.dll
0x000007fefa1b0000 - 0x000007fefa1d7000 	C:\windows\system32\IPHLPAPI.DLL
0x000007fefa1a0000 - 0x000007fefa1ab000 	C:\windows\system32\WINNSI.DLL
0x000007fef92c0000 - 0x000007fef92d1000 	C:\windows\system32\dhcpcsvc6.DLL
0x000007fef9df0000 - 0x000007fef9e08000 	C:\windows\system32\dhcpcsvc.DLL
0x000000006c000000 - 0x000000006c011000 	C:\Program Files\Java\jdk1.8.0_66\jre\bin\nio.dll
0x000007fefcce0000 - 0x000007fefcd37000 	C:\windows\system32\apphelp.dll
0x00000000637c0000 - 0x00000000637cd000 	C:\Users\comits\AppData\Local\Temp\jogamp_0000\file_cache\jln8535266873599194975\jln5659753665925146381\natives\windows-amd64\gluegen-rt.dll
0x000000005a1c0000 - 0x000000005a358000 	C:\Program Files\Java\jdk1.8.0_66\jre\bin\awt.dll
0x000007fefd260000 - 0x000007fefd33a000 	C:\windows\system32\OLEAUT32.dll
0x000007fefb3b0000 - 0x000007fefb406000 	C:\windows\system32\uxtheme.dll
0x000007fefbe80000 - 0x000007fefbe98000 	C:\windows\system32\dwmapi.dll
0x000000006ca00000 - 0x000000006ca07000 	C:\Program Files\Java\jdk1.8.0_66\jre\bin\jawt.dll
0x000000006a440000 - 0x000000006a44d000 	C:\Users\comits\AppData\Local\Temp\jogamp_0000\file_cache\jln8535266873599194975\jln5659753665925146381\natives\windows-amd64\nativewindow_awt.dll
0x000007feeebf0000 - 0x000007feeedef000 	C:\windows\system32\d3d9.dll
0x000007fefa270000 - 0x000007fefa277000 	C:\windows\system32\d3d8thk.dll
0x000007fef4de0000 - 0x000007fef4f42000 	C:\windows\system32\aticfx64.dll
0x000007feee8d0000 - 0x000007feee8f1000 	C:\windows\system32\atiu9p64.dll
0x000007fedce70000 - 0x000007fedd6ca000 	C:\windows\system32\atiumd64.dll
0x000000005ab80000 - 0x000000005b406000 	C:\windows\system32\atiumd6a.dll
0x000007fefbea0000 - 0x000007fefbecc000 	C:\windows\system32\POWRPROF.dll
0x000007feff220000 - 0x000007feff3f7000 	C:\windows\system32\SETUPAPI.dll
0x000007fefd1d0000 - 0x000007fefd206000 	C:\windows\system32\CFGMGR32.dll
0x000007fefd110000 - 0x000007fefd12a000 	C:\windows\system32\DEVOBJ.dll
0x000000006c100000 - 0x000000006c10f000 	C:\Users\comits\AppData\Local\Temp\jogamp_0000\file_cache\jln8535266873599194975\jln5659753665925146381\natives\windows-amd64\nativewindow_win32.dll
0x000007fef1b40000 - 0x000007fef1c5d000 	C:\windows\system32\OpenGL32.dll
0x000007fef4390000 - 0x000007fef43bd000 	C:\windows\system32\GLU32.dll
0x000007fef1a40000 - 0x000007fef1b31000 	C:\windows\system32\DDRAW.dll
0x000007fef1ce0000 - 0x000007fef1ce8000 	C:\windows\system32\DCIMAN32.dll
0x0000000064500000 - 0x00000000645b1000 	C:\Users\comits\AppData\Local\Temp\jogamp_0000\file_cache\jln8535266873599194975\jln5659753665925146381\natives\windows-amd64\jogl_desktop.dll
0x000007feecec0000 - 0x000007feed019000 	C:\Program Files\MiKTeX 2.9\miktex\bin\x64\libGLESv2.dll
0x000007feece10000 - 0x000007feeceb6000 	C:\windows\system32\MSVCP120.dll
0x000007feec890000 - 0x000007feec97f000 	C:\windows\system32\MSVCR120.dll
0x0000000064340000 - 0x00000000643a2000 	C:\Users\comits\AppData\Local\Temp\jogamp_0000\file_cache\jln8535266873599194975\jln5659753665925146381\natives\windows-amd64\jogl_mobile.dll
0x000007feee760000 - 0x000007feee778000 	C:\windows\system32\atig6pxx.dll
0x000000005de30000 - 0x000000005fc2d000 	C:\windows\system32\atio6axx.dll
0x000007feec740000 - 0x000007feec881000 	C:\windows\system32\atiadlxx.dll
0x000007fefb950000 - 0x000007fefba7c000 	C:\windows\system32\PROPSYS.dll
0x000007fefbf90000 - 0x000007fefbfa1000 	C:\windows\system32\WTSAPI32.dll
0x000007fefd220000 - 0x000007fefd25b000 	C:\windows\system32\WINTRUST.dll
0x000007fefcef0000 - 0x000007fefd05d000 	C:\windows\system32\CRYPT32.dll
0x000007fefcea0000 - 0x000007fefceaf000 	C:\windows\system32\MSASN1.dll
0x000007feed0e0000 - 0x000007feed10c000 	C:\windows\system32\atig6txx.dll
0x000000006cbc0000 - 0x000000006cbd3000 	C:\Users\comits\AppData\Local\Temp\jogamp_0000\file_cache\jln8535266873599194975\jln5659753665925146381\natives\windows-amd64\newt.dll
0x000007fef44c0000 - 0x000007fef455c000 	C:\windows\system32\mscms.dll
0x000007feec6f0000 - 0x000007feec732000 	C:\windows\system32\icm32.dll
0x000007fef41d0000 - 0x000007fef42f5000 	C:\windows\system32\dbghelp.dll

VM Arguments:
jvm_args: -Dfile.encoding=Cp1252 
java_command: main
java_class_path (initial): C:\Users\comits\workspace\Time Travel Game 2\bin;C:\Users\comits\workspace\Time Travel Game 2\lib\gluegen-rt-natives-windows-amd64.jar;C:\Users\comits\workspace\Time Travel Game 2\lib\gluegen-rt.jar;C:\Users\comits\workspace\Time Travel Game 2\lib\jogl-all-natives-windows-amd64.jar;C:\Users\comits\workspace\Time Travel Game 2\lib\jogl-all.jar
Launcher Type: SUN_STANDARD

Environment Variables:
PATH=C:/Program Files/Java/jdk1.8.0_66/jre/bin/server;C:/Program Files/Java/jdk1.8.0_66/jre/bin;C:/Program Files/Java/jdk1.8.0_66/jre/lib/amd64;C:\ProgramData\Oracle\Java\javapath;C:\Program Files (x86)\NVIDIA Corporation\PhysX\Common;C:\Program Files\MiKTeX 2.9\miktex\bin\x64;C:\Program Files\Common Files\Microsoft Shared\Windows Live;C:\Program Files (x86)\Common Files\Microsoft Shared\Windows Live;C:\windows\system32;C:\windows;C:\windows\System32\Wbem;C:\windows\System32\WindowsPowerShell\v1.0\;C:\Program Files (x86)\Windows Live\Shared;C:\Program Files (x86)\ATI Technologies\ATI.ACE\Core-Static;C:\Program Files\Intel\WiFi\bin\;C:\Program Files\Common Files\Intel\WirelessCommon\;C:\Program Files (x86)\Toshiba\Bluetooth Toshiba Stack\sys\;C:\Program Files (x86)\Toshiba\Bluetooth Toshiba Stack\sys\x64\;C:\Program Files\TortoiseSVN\bin;C:\Program Files (x86)\IVI Foundation\VISA\WinNT\Bin;C:\Program Files (x86)\AMD\ATI.ACE\Core-Static;C:\Program Files (x86)\Skype\Phone\;%VPROJECT%\..\bin;C:\Users\comits\AppData\Roaming\MiKTeX\2.9\miktex/bin/x64\;C:\windows\system32;
USERNAME=comits
OS=Windows_NT
PROCESSOR_IDENTIFIER=Intel64 Family 6 Model 42 Stepping 7, GenuineIntel



---------------  S Y S T E M  ---------------

OS: Windows 7 , 64 bit Build 7601 (6.1.7601.23915)

CPU:total 4 (2 cores per cpu, 2 threads per core) family 6 model 42 stepping 7, cmov, cx8, fxsr, mmx, sse, sse2, sse3, ssse3, sse4.1, sse4.2, popcnt, avx, aes, clmul, ht, tsc, tscinvbit

Memory: 4k page, physical 8336820k(2755460k free), swap 16671780k(8429968k free)

vm_info: Java HotSpot(TM) 64-Bit Server VM (25.66-b18) for windows-amd64 JRE (1.8.0_66-b18), built on Nov  9 2015 10:51:13 by "java_re" with MS VC++ 10.0 (VS2010)

time: Sun Dec 17 02:37:44 2017
elapsed time: 6 seconds (0d 0h 0m 6s)

